{"C:\\Users\\Fernando\\github\\igniteReact\\Dashboard\\MoneyTracker\\src\\components\\NewTransactionModal\\index.tsx": {"path":"C:\\Users\\Fernando\\github\\igniteReact\\Dashboard\\MoneyTracker\\src\\components\\NewTransactionModal\\index.tsx","statementMap":{"0":{"start":{"line":1,"column":0},"end":{"line":1,"column":50}},"1":{"start":{"line":2,"column":0},"end":{"line":2,"column":97}},"2":{"start":{"line":3,"column":0},"end":{"line":3,"column":67}},"3":{"start":{"line":6,"column":4},"end":{"line":34,"column":null}},"4":{"start":{"line":5,"column":0},"end":{"line":5,"column":16}}},"fnMap":{"0":{"name":"NewTransactionModal","decl":{"start":{"line":5,"column":16},"end":{"line":5,"column":35}},"loc":{"start":{"line":5,"column":35},"end":{"line":35,"column":1}}}},"branchMap":{},"s":{"0":1,"1":1,"2":1,"3":1,"4":1},"f":{"0":1},"b":{}}
,"C:\\Users\\Fernando\\github\\igniteReact\\Dashboard\\MoneyTracker\\src\\components\\NewTransactionModal\\styles.ts": {"path":"C:\\Users\\Fernando\\github\\igniteReact\\Dashboard\\MoneyTracker\\src\\components\\NewTransactionModal\\styles.ts","statementMap":{"0":{"start":{"line":1,"column":0},"end":{"line":1,"column":43}},"1":{"start":{"line":2,"column":0},"end":{"line":2,"column":50}},"2":{"start":{"line":3,"column":0},"end":{"line":3,"column":60}},"3":{"start":{"line":5,"column":13},"end":{"line":11,"column":null}},"4":{"start":{"line":13,"column":14},"end":{"line":74,"column":null}},"5":{"start":{"line":17,"column":26},"end":{"line":17,"column":49}},"6":{"start":{"line":33,"column":35},"end":{"line":33,"column":58}},"7":{"start":{"line":34,"column":31},"end":{"line":34,"column":54}},"8":{"start":{"line":38,"column":34},"end":{"line":38,"column":57}},"9":{"start":{"line":45,"column":35},"end":{"line":45,"column":59}},"10":{"start":{"line":46,"column":30},"end":{"line":46,"column":47}},"11":{"start":{"line":55,"column":39},"end":{"line":55,"column":63}},"12":{"start":{"line":76,"column":13},"end":{"line":91,"column":null}},"13":{"start":{"line":85,"column":22},"end":{"line":85,"column":45}},"14":{"start":{"line":93,"column":13},"end":{"line":98,"column":null}},"15":{"start":{"line":104,"column":13},"end":{"line":129,"column":null}},"16":{"start":{"line":105,"column":25},"end":{"line":105,"column":48}},"17":{"start":{"line":114,"column":20},"end":{"line":114,"column":43}},"18":{"start":{"line":117,"column":22},"end":{"line":117,"column":100}},"19":{"start":{"line":121,"column":22},"end":{"line":121,"column":39}},"20":{"start":{"line":122,"column":27},"end":{"line":122,"column":105}},"21":{"start":{"line":126,"column":28},"end":{"line":126,"column":51}}},"fnMap":{"0":{"name":"(anonymous_0)","decl":{"start":{"line":17,"column":17},"end":{"line":17,"column":22}},"loc":{"start":{"line":17,"column":26},"end":{"line":17,"column":49}}},"1":{"name":"(anonymous_1)","decl":{"start":{"line":33,"column":26},"end":{"line":33,"column":31}},"loc":{"start":{"line":33,"column":35},"end":{"line":33,"column":58}}},"2":{"name":"(anonymous_2)","decl":{"start":{"line":34,"column":22},"end":{"line":34,"column":27}},"loc":{"start":{"line":34,"column":31},"end":{"line":34,"column":54}}},"3":{"name":"(anonymous_3)","decl":{"start":{"line":38,"column":25},"end":{"line":38,"column":30}},"loc":{"start":{"line":38,"column":34},"end":{"line":38,"column":57}}},"4":{"name":"(anonymous_4)","decl":{"start":{"line":45,"column":26},"end":{"line":45,"column":31}},"loc":{"start":{"line":45,"column":35},"end":{"line":45,"column":59}}},"5":{"name":"(anonymous_5)","decl":{"start":{"line":46,"column":21},"end":{"line":46,"column":26}},"loc":{"start":{"line":46,"column":30},"end":{"line":46,"column":47}}},"6":{"name":"(anonymous_6)","decl":{"start":{"line":55,"column":30},"end":{"line":55,"column":35}},"loc":{"start":{"line":55,"column":39},"end":{"line":55,"column":63}}},"7":{"name":"(anonymous_7)","decl":{"start":{"line":85,"column":13},"end":{"line":85,"column":18}},"loc":{"start":{"line":85,"column":22},"end":{"line":85,"column":45}}},"8":{"name":"(anonymous_8)","decl":{"start":{"line":105,"column":16},"end":{"line":105,"column":21}},"loc":{"start":{"line":105,"column":25},"end":{"line":105,"column":48}}},"9":{"name":"(anonymous_9)","decl":{"start":{"line":114,"column":11},"end":{"line":114,"column":16}},"loc":{"start":{"line":114,"column":20},"end":{"line":114,"column":43}}},"10":{"name":"(anonymous_10)","decl":{"start":{"line":117,"column":13},"end":{"line":117,"column":18}},"loc":{"start":{"line":117,"column":22},"end":{"line":117,"column":100}}},"11":{"name":"(anonymous_11)","decl":{"start":{"line":121,"column":13},"end":{"line":121,"column":18}},"loc":{"start":{"line":121,"column":22},"end":{"line":121,"column":39}}},"12":{"name":"(anonymous_12)","decl":{"start":{"line":122,"column":18},"end":{"line":122,"column":23}},"loc":{"start":{"line":122,"column":27},"end":{"line":122,"column":105}}},"13":{"name":"(anonymous_13)","decl":{"start":{"line":126,"column":18},"end":{"line":126,"column":23}},"loc":{"start":{"line":126,"column":28},"end":{"line":126,"column":51}}}},"branchMap":{"0":{"loc":{"start":{"line":117,"column":22},"end":{"line":117,"column":100}},"type":"cond-expr","locations":[{"start":{"line":117,"column":51},"end":{"line":117,"column":75}},{"start":{"line":117,"column":78},"end":{"line":117,"column":100}}]},"1":{"loc":{"start":{"line":122,"column":27},"end":{"line":122,"column":105}},"type":"cond-expr","locations":[{"start":{"line":122,"column":56},"end":{"line":122,"column":80}},{"start":{"line":122,"column":83},"end":{"line":122,"column":105}}]}},"s":{"0":1,"1":1,"2":1,"3":1,"4":1,"5":0,"6":0,"7":0,"8":0,"9":0,"10":0,"11":0,"12":1,"13":0,"14":1,"15":1,"16":0,"17":0,"18":0,"19":0,"20":0,"21":0},"f":{"0":0,"1":0,"2":0,"3":0,"4":0,"5":0,"6":0,"7":0,"8":0,"9":0,"10":0,"11":0,"12":0,"13":0},"b":{"0":[0,0],"1":[0,0]}}
,"C:\\Users\\Fernando\\github\\igniteReact\\Dashboard\\MoneyTracker\\src\\styles\\theme\\default.ts": {"path":"C:\\Users\\Fernando\\github\\igniteReact\\Dashboard\\MoneyTracker\\src\\styles\\theme\\default.ts","statementMap":{"0":{"start":{"line":1,"column":13},"end":{"line":20,"column":null}}},"fnMap":{},"branchMap":{},"s":{"0":1},"f":{},"b":{}}
}
