TN:
SF:src\components\NewTransactionModal\index.tsx
FN:5,NewTransactionModal
FNF:1
FNH:1
FNDA:1,NewTransactionModal
DA:1,1
DA:2,1
DA:3,1
DA:5,1
DA:6,1
LF:5
LH:5
BRF:0
BRH:0
end_of_record
TN:
SF:src\components\NewTransactionModal\styles.ts
FN:17,(anonymous_0)
FN:33,(anonymous_1)
FN:34,(anonymous_2)
FN:38,(anonymous_3)
FN:45,(anonymous_4)
FN:46,(anonymous_5)
FN:55,(anonymous_6)
FN:85,(anonymous_7)
FN:105,(anonymous_8)
FN:114,(anonymous_9)
FN:117,(anonymous_10)
FN:121,(anonymous_11)
FN:122,(anonymous_12)
FN:126,(anonymous_13)
FNF:14
FNH:0
FNDA:0,(anonymous_0)
FNDA:0,(anonymous_1)
FNDA:0,(anonymous_2)
FNDA:0,(anonymous_3)
FNDA:0,(anonymous_4)
FNDA:0,(anonymous_5)
FNDA:0,(anonymous_6)
FNDA:0,(anonymous_7)
FNDA:0,(anonymous_8)
FNDA:0,(anonymous_9)
FNDA:0,(anonymous_10)
FNDA:0,(anonymous_11)
FNDA:0,(anonymous_12)
FNDA:0,(anonymous_13)
DA:1,1
DA:2,1
DA:3,1
DA:5,1
DA:13,1
DA:17,0
DA:33,0
DA:34,0
DA:38,0
DA:45,0
DA:46,0
DA:55,0
DA:76,1
DA:85,0
DA:93,1
DA:104,1
DA:105,0
DA:114,0
DA:117,0
DA:121,0
DA:122,0
DA:126,0
LF:22
LH:8
BRDA:117,0,0,0
BRDA:117,0,1,0
BRDA:122,1,0,0
BRDA:122,1,1,0
BRF:4
BRH:0
end_of_record
TN:
SF:src\styles\theme\default.ts
FNF:0
FNH:0
DA:1,1
LF:1
LH:1
BRF:0
BRH:0
end_of_record
